<?xml version="1.0" encoding="UTF-8"?>
<!-- Generated by org.testng.reporters.JUnitReportReporter -->
<testsuite hostname="IPLCEWKS01111" name="Testing.Testcase_01" tests="1" failures="0" timestamp="16 May 2018 11:51:06 GMT" time="15.577" errors="0">
  <testcase name="initilization" time="15.577" classname="Testing.Testcase_01"/>
</testsuite> <!-- Testing.Testcase_01 -->
